app/build/outputs/mapping/release/seeds.txt
com.instantllycards.www.twa.Application
com.instantllycards.www.twa.DelegationService
com.instantllycards.www.twa.LauncherActivity
com.instantllycards.www.twa.Application: Application()
com.instantllycards.www.twa.DelegationService: DelegationService()
com.instantllycards.www.twa.LauncherActivity: LauncherActivity()
...
android.support.v4.app.RemoteActionCompatParcelizer
androidx.lifecycle.SavedStateHandleController
androidx.lifecycle.ProcessLifecycleOwner$attach$1
androidx.core.app.RemoteActionCompatParcelizer
android.support.v4.graphics.drawable.IconCompatParcelizer
androidx.appcompat.widget.FitWindowsLinearLayout
androidx.appcompat.widget.ActionBarContextView
androidx.appcompat.widget.ButtonBarLayout
androidx.appcompat.app.AlertController$RecycleListView
androidx.fragment.app.FragmentManager$6
androidx.appcompat.widget.ContentFrameLayout
androidx.emoji2.text.EmojiCompatInitializer$1
androidx.fragment.app.Fragment$6
com.google.androidbrowserhelper.trusted.FocusActivity
androidx.lifecycle.ReflectiveGenericLifecycleObserver
androidx.lifecycle.ProcessLifecycleInitializer
androidx.annotation.Keep
androidx.lifecycle.SingleGeneratedAdapterObserver
androidx.appcompat.widget.ActionBarContainer
androidx.lifecycle.LifecycleCoroutineScopeImpl
androidx.appcompat.widget.ActionBarOverlayLayout
androidx.lifecycle.LegacySavedStateHandleController$OnRecreation
androidx.appcompat.view.menu.ActionMenuItemView
androidx.appcompat.widget.FitWindowsFrameLayout
com.google.androidbrowserhelper.trusted.NotificationPermissionRequestActivity
androidx.versionedparcelable.ParcelImpl
androidx.lifecycle.ReportFragment
androidx.appcompat.view.menu.ExpandedMenuView
androidx.versionedparcelable.CustomVersionedParcelable
androidx.core.widget.NestedScrollView
androidx.activity.ImmLeaksCleaner
androidx.lifecycle.LiveData$LifecycleBoundObserver
androidx.appcompat.widget.ViewStubCompat
androidx.lifecycle.DefaultLifecycleObserverAdapter
androidx.emoji2.text.EmojiCompatInitializer
androidx.lifecycle.CompositeGeneratedAdaptersObserver
androidx.startup.InitializationProvider
androidx.browser.browseractions.BrowserActionsFallbackMenuView
androidx.appcompat.widget.ActionMenuView
androidx.lifecycle.ProcessLifecycleOwner$attach$1$onActivityPreCreated$1
androidx.lifecycle.LifecycleDispatcher$DispatcherActivityCallback
androidx.appcompat.widget.SearchView$SearchAutoComplete
androidx.activity.ComponentActivity$4
androidx.savedstate.Recreator
androidx.lifecycle.LegacySavedStateHandleController$tryToAddRecreator$1
androidx.core.content.FileProvider
androidx.appcompat.widget.DialogTitle
androidx.appcompat.widget.ActivityChooserView$InnerLayout
androidx.core.graphics.drawable.IconCompatParcelizer
androidx.appcompat.widget.AlertDialogLayout
androidx.core.app.RemoteActionCompat
androidx.lifecycle.SavedStateHandleAttacher
androidx.profileinstaller.ProfileInstallReceiver
androidx.core.app.CoreComponentFactory
com.google.androidbrowserhelper.trusted.WebViewFallbackActivity
androidx.appcompat.widget.Toolbar
androidx.lifecycle.ReportFragment$LifecycleCallbacks
androidx.appcompat.view.menu.ListMenuItemView
androidx.activity.OnBackPressedDispatcher$LifecycleOnBackPressedCancellable
com.google.androidbrowserhelper.trusted.ManageDataLauncherActivity
androidx.core.graphics.drawable.IconCompat
androidx.profileinstaller.ProfileInstallerInitializer
androidx.concurrent.futures.AbstractResolvableFuture: java.lang.Object value
androidx.concurrent.futures.AbstractResolvableFuture$Waiter: java.lang.Thread thread
androidx.customview.view.AbsSavedState: android.os.Parcelable$Creator CREATOR
androidx.lifecycle.Lifecycle$Event: androidx.lifecycle.Lifecycle$Event ON_PAUSE
androidx.concurrent.futures.AbstractResolvableFuture: androidx.concurrent.futures.AbstractResolvableFuture$Listener listeners
androidx.lifecycle.Lifecycle$Event: androidx.lifecycle.Lifecycle$Event ON_START
androidx.lifecycle.ProcessLifecycleOwner$attach$1: androidx.lifecycle.ProcessLifecycleOwner this$0
androidx.lifecycle.Lifecycle$Event: androidx.lifecycle.Lifecycle$Event ON_DESTROY
androidx.lifecycle.Lifecycle$Event: androidx.lifecycle.Lifecycle$Event$Companion Companion
androidx.lifecycle.Lifecycle$Event: androidx.lifecycle.Lifecycle$Event[] $VALUES