app/build/outputs/mapping/release/mapping.txt
# compiler: R8
# compiler_version: 8.9.32
# min_api: 21
# common_typos_disable
# {"id":"com.android.tools.r8.mapping","version":"2.2"}
# pg_map_id: 6bcaac6
# pg_map_hash: SHA-256 6bcaac65d71ffeedf9b12647b39aeb45882420e662f42ce75a4f0942c835867d
com.instantllycards.www.twa.Application -> com.instantllycards.www.twa.Application:
# {"id":"sourceFile","fileName":"Application.java"}
    1:4:void <init>():20:20 -> <init>
com.instantllycards.www.twa.DelegationService -> com.instantllycards.www.twa.DelegationService:
# {"id":"sourceFile","fileName":"DelegationService.java"}
    android.app.NotificationManager androidx.browser.trusted.TrustedWebActivityService.mNotificationManager -> a
    int androidx.browser.trusted.TrustedWebActivityService.mVerifiedUid -> b
    android.support.customtabs.trusted.ITrustedWebActivityService$Stub androidx.browser.trusted.TrustedWebActivityService.mBinder -> c
      # {"id":"com.android.tools.r8.residualsignature","signature":"Ln/g;"}
    java.util.List com.google.androidbrowserhelper.trusted.DelegationService.mExtraCommandHandlers -> d
      # {"id":"com.android.tools.r8.residualsignature","signature":"Ljava/util/ArrayList;"}
    com.google.androidbrowserhelper.trusted.SharedPreferencesTokenStore com.google.androidbrowserhelper.trusted.DelegationService.mTokenStore -> e
      # {"id":"com.android.tools.r8.residualsignature","signature":"LR/k;"}
    1:4:void androidx.browser.trusted.TrustedWebActivityService.<init>():97:97 -> <init>
    1:4:void com.google.androidbrowserhelper.trusted.DelegationService.<init>():40 -> <init>
    1:4:void <init>():5 -> <init>
    5:6:void androidx.browser.trusted.TrustedWebActivityService.<init>():127:127 -> <init>
    5:6:void com.google.androidbrowserhelper.trusted.DelegationService.<init>():40 -> <init>
    5:6:void <init>():5 -> <init>
    7:13:void androidx.browser.trusted.TrustedWebActivityService.<init>():130:130 -> <init>
com.instantllycards.www.twa.LauncherActivity -> com.instantllycards.www.twa.LauncherActivity:
# {"id":"sourceFile","fileName":"LauncherActivity.java"}
    com.google.androidbrowserhelper.trusted.LauncherActivityMetadata com.google.androidbrowserhelper.trusted.LauncherActivity.mMetadata -> a
      # {"id":"com.android.tools.r8.residualsignature","signature":"LR/c;"}
    boolean com.google.androidbrowserhelper.trusted.LauncherActivity.mBrowserWasLaunched -> b
    com.google.androidbrowserhelper.trusted.splashscreens.PwaWrapperSplashScreenStrategy com.google.androidbrowserhelper.trusted.LauncherActivity.mSplashScreenStrategy -> c
      # {"id":"com.android.tools.r8.residualsignature","signature":"LS/b;"}
    com.google.androidbrowserhelper.trusted.TwaLauncher com.google.androidbrowserhelper.trusted.LauncherActivity.mTwaLauncher -> d
      # {"id":"com.android.tools.r8.residualsignature","signature":"LR/o;"}
    long com.google.androidbrowserhelper.trusted.LauncherActivity.mStartupUptimeMillis -> e
    boolean com.google.androidbrowserhelper.trusted.LauncherActivity.sChromeVersionChecked -> f
    int com.google.androidbrowserhelper.trusted.LauncherActivity.sLauncherActivitiesAlive -> g
    1:4:void com.google.androidbrowserhelper.trusted.LauncherActivity.<init>():105:105 -> <init>
    1:4:void <init>():25 -> <init>
    5:7:void com.google.androidbrowserhelper.trusted.LauncherActivity.onCreate(android.os.Bundle):133:133 -> a
...
androidx.arch.core.internal.SafeIterableMap$Entry -> l.c:
# {"id":"sourceFile","fileName":"SafeIterableMap.java"}
    java.lang.Object mKey -> a
      # {"id":"com.android.tools.r8.residualsignature","signature":"Landroidx/lifecycle/o;"}
    java.lang.Object mValue -> b
      # {"id":"com.android.tools.r8.residualsignature","signature":"Landroidx/lifecycle/q;"}
    androidx.arch.core.internal.SafeIterableMap$Entry mNext -> c
      # {"id":"com.android.tools.r8.residualsignature","signature":"Ll/c;"}
    androidx.arch.core.internal.SafeIterableMap$Entry mPrevious -> d
      # {"id":"com.android.tools.r8.residualsignature","signature":"Ll/c;"}
    1:3:void <init>(java.lang.Object,java.lang.Object):380:380 -> <init>
      # {"id":"com.android.tools.r8.residualsignature","signature":"(Landroidx/lifecycle/o;Landroidx/lifecycle/q;)V"}
    4:5:void <init>(java.lang.Object,java.lang.Object):381:381 -> <init>
    6:8:void <init>(java.lang.Object,java.lang.Object):382:382 -> <init>
    4:8:boolean equals(java.lang.Object):413:413 -> equals
    9:10:boolean equals(java.lang.Object):416:416 -> equals
    11:34:boolean equals(java.lang.Object):417:417 -> equals
    1:3:java.lang.Object getKey():388:388 -> getKey
    1:3:java.lang.Object getValue():394:394 -> getValue
    1:14:int hashCode():422:422 -> hashCode
    1:8:java.lang.Object setValue(java.lang.Object):399:399 -> setValue
    1:25:java.lang.String toString():404:404 -> toString
androidx.arch.core.internal.SafeIterableMap$IteratorWithAdditions -> l.d:
# {"id":"sourceFile","fileName":"SafeIterableMap.java"}
    androidx.arch.core.internal.SafeIterableMap$Entry mCurrent -> a
      # {"id":"com.android.tools.r8.residualsignature","signature":"Ll/c;"}
    boolean mBeforeStart -> b
    androidx.arch.core.internal.SafeIterableMap this$0 -> c
      # {"id":"com.android.tools.r8.residualsignature","signature":"Ll/a;"}
    1:3:void androidx.arch.core.internal.SafeIterableMap$SupportRemove.<init>():368:368 -> <init>
    1:3:void <init>(androidx.arch.core.internal.SafeIterableMap):329 -> <init>
      # {"id":"com.android.tools.r8.residualsignature","signature":"(Ll/a;)V"}
    4:6:void <init>(androidx.arch.core.internal.SafeIterableMap):329:329 -> <init>
    7:9:void <init>(androidx.arch.core.internal.SafeIterableMap):327:327 -> <init>
    1:4:void supportRemove(androidx.arch.core.internal.SafeIterableMap$Entry):335:335 -> a
      # {"id":"com.android.tools.r8.residualsignature","signature":"(Ll/c;)V"}
    5:13:void supportRemove(androidx.arch.core.internal.SafeIterableMap$Entry):336:336 -> a
    14:16:void supportRemove(androidx.arch.core.internal.SafeIterableMap$Entry):337:337 -> a
    1:6:boolean hasNext():343:343 -> hasNext
    7:14:boolean hasNext():344:344 -> hasNext
    15:24:boolean hasNext():346:346 -> hasNext
    1:5:java.util.Map$Entry next():351:351 -> next
    1:5:java.lang.Object next():323 -> next
androidx.arch.core.internal.SafeIterableMap$SupportRemove -> l.e:
# {"id":"sourceFile","fileName":"SafeIterableMap.java"}
    void supportRemove(androidx.arch.core.internal.SafeIterableMap$Entry) -> a
      # {"id":"com.android.tools.r8.residualsignature","signature":"(Ll/c;)V"}
androidx.browser.browseractions.BrowserActionsFallbackMenuView -> androidx.browser.browseractions.BrowserActionsFallbackMenuView:
# {"id":"sourceFile","fileName":"BrowserActionsFallbackMenuView.java"}
    int mBrowserActionsMenuMinPaddingPx -> a
    int mBrowserActionsMenuMaxWidthPx -> b
    1:3:void <init>(android.content.Context,android.util.AttributeSet):42:42 -> <init>
    4:16:void <init>(android.content.Context,android.util.AttributeSet):43:43 -> <init>
    17:30:void <init>(android.content.Context,android.util.AttributeSet):45:45 -> <init>
    1:10:void onMeasure(int,int):51:51 -> onMeasure
    11:23:void onMeasure(int,int):52:52 -> onMeasure
    24:27:void onMeasure(int,int):54:54 -> onMeasure
    28:31:void onMeasure(int,int):55:55 -> onMeasure