app/build/outputs/mapping/release/usage.txt
com.instantllycards.www.twa.R$bool
com.instantllycards.www.twa.R$color
com.instantllycards.www.twa.R$drawable
com.instantllycards.www.twa.R$integer
com.instantllycards.www.twa.R$mipmap
com.instantllycards.www.twa.R$raw
com.instantllycards.www.twa.R$string
com.instantllycards.www.twa.R$xml
com.instantllycards.www.twa.R
com.instantllycards.www.twa.DelegationService:
    public final com.google.androidbrowserhelper.trusted.SharedPreferencesTokenStore getTokenStore()
    public final android.os.Bundle onExtraCommand()
    public static void registerExtraCommandHandler()
com.instantllycards.www.twa.LauncherActivity:
    public static com.google.androidbrowserhelper.trusted.TwaLauncher createTwaLauncher()
    public static int getColorCompat()
    public static androidx.browser.customtabs.CustomTabsCallback getCustomTabsCallback()
    public static androidx.browser.trusted.TrustedWebActivityDisplayMode getDisplayMode()
    public static com.google.androidbrowserhelper.trusted.TwaLauncher$FallbackStrategy getFallbackStrategy()
    public static android.net.Uri getLaunchingUrl()
    public static android.net.Uri getLaunchingUrl$com$google$androidbrowserhelper$trusted$LauncherActivity()
    public static java.util.Map getProtocolHandlers()
    public static android.widget.ImageView$ScaleType getSplashImageScaleType()
    public static android.graphics.Matrix getSplashImageTransformationMatrix()
    public static void launchTwa()
    public static boolean shouldLaunchImmediately()
...
androidx.activity.result.contract.ActivityResultContracts$PickMultipleVisualMedia
androidx.activity.result.contract.ActivityResultContracts$PickVisualMedia$Companion
androidx.activity.result.contract.ActivityResultContracts$PickVisualMedia$ImageAndVideo
androidx.activity.result.contract.ActivityResultContracts$PickVisualMedia$ImageOnly
androidx.activity.result.contract.ActivityResultContracts$PickVisualMedia$SingleMimeType
androidx.activity.result.contract.ActivityResultContracts$PickVisualMedia$VideoOnly
androidx.activity.result.contract.ActivityResultContracts$PickVisualMedia$VisualMediaType
androidx.activity.result.contract.ActivityResultContracts$PickVisualMedia
androidx.activity.result.contract.ActivityResultContracts$RequestMultiplePermissions$Companion
androidx.activity.result.contract.ActivityResultContracts$RequestMultiplePermissions
androidx.activity.result.contract.ActivityResultContracts$RequestPermission
androidx.activity.result.contract.ActivityResultContracts$StartActivityForResult$Companion
androidx.activity.result.contract.ActivityResultContracts$StartActivityForResult
androidx.activity.result.contract.ActivityResultContracts$StartIntentSenderForResult$Companion
androidx.activity.result.contract.ActivityResultContracts$StartIntentSenderForResult
androidx.activity.result.contract.ActivityResultContracts$TakePicture
androidx.activity.result.contract.ActivityResultContracts$TakePicturePreview
androidx.activity.result.contract.ActivityResultContracts$TakeVideo
androidx.activity.result.contract.ActivityResultContracts
androidx.annotation.AnimRes
androidx.annotation.AnimatorRes
androidx.annotation.AnyRes
androidx.annotation.AnyThread
androidx.annotation.ArrayRes
androidx.annotation.AttrRes
androidx.annotation.BinderThread
androidx.annotation.BoolRes
androidx.annotation.CallSuper
androidx.annotation.CheckResult
androidx.annotation.ChecksSdkIntAtLeast
androidx.annotation.ColorInt
androidx.annotation.ColorLong
androidx.annotation.ColorRes
androidx.annotation.ContentView
androidx.annotation.DeprecatedSinceApi
androidx.annotation.DimenRes
androidx.annotation.Dimension$Companion
androidx.annotation.Dimension
androidx.annotation.Discouraged
androidx.annotation.DisplayContext
androidx.annotation.DoNotInline
androidx.annotation.DrawableRes
androidx.annotation.EmptySuper
androidx.annotation.FloatRange
androidx.annotation.FontRes
androidx.annotation.FractionRes
androidx.annotation.GravityInt
androidx.annotation.GuardedBy
androidx.annotation.HalfFloat
androidx.annotation.IdRes
androidx.annotation.InspectableProperty$EnumEntry
androidx.annotation.InspectableProperty$FlagEntry
androidx.annotation.InspectableProperty$ValueType
androidx.annotation.InspectableProperty
androidx.annotation.IntDef
androidx.annotation.IntRange
androidx.annotation.IntegerRes
androidx.annotation.InterpolatorRes
androidx.annotation.LayoutRes
androidx.annotation.LongDef
androidx.annotation.MainThread
androidx.annotation.MenuRes
androidx.annotation.NavigationRes
androidx.annotation.NonNull
androidx.annotation.NonUiContext
androidx.annotation.Nullable
androidx.annotation.OpenForTesting
androidx.annotation.OptIn
androidx.annotation.PluralsRes
androidx.annotation.Px
androidx.annotation.RawRes
androidx.annotation.ReplaceWith
androidx.annotation.RequiresApi
androidx.annotation.RequiresExtension$Container
androidx.annotation.RequiresExtension
androidx.annotation.RequiresFeature
androidx.annotation.RequiresOptIn$Level
androidx.annotation.RequiresOptIn
androidx.annotation.RequiresPermission$Read
androidx.annotation.RequiresPermission$Write
androidx.annotation.RequiresPermission
androidx.annotation.RestrictTo$Scope
androidx.annotation.RestrictTo
androidx.annotation.ReturnThis
androidx.annotation.Size
androidx.annotation.StringDef
androidx.annotation.StringRes
androidx.annotation.StyleRes
androidx.annotation.StyleableRes
androidx.annotation.TransitionRes
androidx.annotation.UiContext
androidx.annotation.UiThread
androidx.annotation.VisibleForTesting$Companion